[INFO][0][<module>] Darwin Jeralyns-MacBook-Air.local 17.7.0 Darwin Kernel Version 17.7.0: Fri Oct 30 13:34:27 PDT 2020; root:xnu-4570.71.82.8~1/RELEASE_X86_64 x86_64
[INFO][0][<module>] /opt/anaconda3/envs/ilamb/lib/python3.9/site-packages/ILAMB (2.6)
[INFO][0][<module>] /opt/anaconda3/envs/ilamb/lib/python3.9/site-packages/numpy (1.20.0)
[INFO][0][<module>] /opt/anaconda3/envs/ilamb/lib/python3.9/site-packages/matplotlib (3.3.4)
[INFO][0][<module>] /opt/anaconda3/envs/ilamb/lib/python3.9/site-packages/netCDF4 (1.5.5.1)
[INFO][0][<module>] /opt/anaconda3/envs/ilamb/lib/python3.9/site-packages/cf_units (2.1.4)
[INFO][0][<module>] /opt/anaconda3/envs/ilamb/lib/python3.9/site-packages/sympy (1.7.1)
[INFO][0][<module>] /opt/anaconda3/envs/ilamb/lib/python3.9/site-packages/mpi4py (3.0.3)
[INFO][0][<module>] 2021-07-22 14:49:11.507697
[INFO][0][confront][SurfaceDownwellingShortwaveRadiation/CERESed4.1][JSBACH] Success
[INFO][0][confront][SurfaceDownwellingShortwaveRadiation/CERESed4.1][JULES] Success
[INFO][0][confront][SurfaceDownwellingShortwaveRadiation/CERESed4.1][LPX-Bern] Success
[INFO][0][confront][SurfaceDownwellingShortwaveRadiation/FLUXNET2015][JSBACH] Success
[INFO][0][confront][SurfaceDownwellingShortwaveRadiation/FLUXNET2015][JULES] Success
[INFO][0][confront][SurfaceDownwellingShortwaveRadiation/FLUXNET2015][LPX-Bern] Success
[INFO][0][modelPlots][SurfaceDownwellingShortwaveRadiation/CERESed4.1][JSBACH] Success
[INFO][0][modelPlots][SurfaceDownwellingShortwaveRadiation/CERESed4.1][JULES] Success
[INFO][0][modelPlots][SurfaceDownwellingShortwaveRadiation/CERESed4.1][LPX-Bern] Success
[INFO][0][modelPlots][SurfaceDownwellingShortwaveRadiation/FLUXNET2015][JSBACH] Success
[INFO][0][modelPlots][SurfaceDownwellingShortwaveRadiation/FLUXNET2015][JULES] Success
[INFO][0][modelPlots][SurfaceDownwellingShortwaveRadiation/FLUXNET2015][LPX-Bern] Success
[INFO][0][<module>][total time] 344.6 s
